0 info it worked if it ends with ok
1 verbose cli [ 'c:\\Program Files\\nodejs\\node.exe',
1 verbose cli   'c:\\Program Files\\nodejs\\node_modules\\npm\\bin\\npm-cli.js',
1 verbose cli   'publish' ]
2 info using npm@1.4.28
3 info using node@v0.10.32
4 verbose publish [ '.' ]
5 verbose cache add [ '.', null ]
6 verbose cache add name=undefined spec="." args=[".",null]
7 verbose parsed url { protocol: null,
7 verbose parsed url   slashes: null,
7 verbose parsed url   auth: null,
7 verbose parsed url   host: null,
7 verbose parsed url   port: null,
7 verbose parsed url   hostname: null,
7 verbose parsed url   hash: null,
7 verbose parsed url   search: null,
7 verbose parsed url   query: null,
7 verbose parsed url   pathname: '.',
7 verbose parsed url   path: '.',
7 verbose parsed url   href: '.' }
8 silly lockFile 3a52ce78- .
9 verbose lock . C:\Users\fengxun\AppData\Roaming\npm-cache\3a52ce78-.lock
10 verbose tar pack [ 'C:\\Users\\fengxun\\AppData\\Roaming\\npm-cache\\generator-tae-simple\\0.0.0\\package.tgz',
10 verbose tar pack   '.' ]
11 verbose tarball C:\Users\fengxun\AppData\Roaming\npm-cache\generator-tae-simple\0.0.0\package.tgz
12 verbose folder .
13 info prepublish generator-tae-simple@0.0.0
14 silly lockFile 1f1177db-tar tar://.
15 verbose lock tar://. C:\Users\fengxun\AppData\Roaming\npm-cache\1f1177db-tar.lock
16 silly lockFile 8af06f94-tor-tae-simple-0-0-0-package-tgz tar://C:\Users\fengxun\AppData\Roaming\npm-cache\generator-tae-simple\0.0.0\package.tgz
17 verbose lock tar://C:\Users\fengxun\AppData\Roaming\npm-cache\generator-tae-simple\0.0.0\package.tgz C:\Users\fengxun\AppData\Roaming\npm-cache\8af06f94-tor-tae-simple-0-0-0-package-tgz.lock
18 silly lockFile 1f1177db-tar tar://.
19 silly lockFile 1f1177db-tar tar://.
20 silly lockFile 8af06f94-tor-tae-simple-0-0-0-package-tgz tar://C:\Users\fengxun\AppData\Roaming\npm-cache\generator-tae-simple\0.0.0\package.tgz
21 silly lockFile 8af06f94-tor-tae-simple-0-0-0-package-tgz tar://C:\Users\fengxun\AppData\Roaming\npm-cache\generator-tae-simple\0.0.0\package.tgz
22 silly lockFile 1809d968-nerator-tae-simple-0-0-0-package C:\Users\fengxun\AppData\Roaming\npm-cache\generator-tae-simple\0.0.0\package
23 verbose lock C:\Users\fengxun\AppData\Roaming\npm-cache\generator-tae-simple\0.0.0\package C:\Users\fengxun\AppData\Roaming\npm-cache\1809d968-nerator-tae-simple-0-0-0-package.lock
24 silly lockFile 1809d968-nerator-tae-simple-0-0-0-package C:\Users\fengxun\AppData\Roaming\npm-cache\generator-tae-simple\0.0.0\package
25 silly lockFile 1809d968-nerator-tae-simple-0-0-0-package C:\Users\fengxun\AppData\Roaming\npm-cache\generator-tae-simple\0.0.0\package
26 silly lockFile 3a52ce78- .
27 silly lockFile 3a52ce78- .
28 silly publish { name: 'generator-tae-simple',
28 silly publish   version: '0.0.0',
28 silly publish   description: 'extend of angular-generator, add grunt-angular-templates whick extract html(view/*)s into a js file, extract all build css and js in the end.',
28 silly publish   license: 'MIT',
28 silly publish   main: 'app/index.js',
28 silly publish   repository:
28 silly publish    { type: 'git',
28 silly publish      url: 'https://github.com/yaneryou/generator-tae-simple' },
28 silly publish   author:
28 silly publish    { name: 'yaneryou',
28 silly publish      email: 'xxdawei@gmail.com',
28 silly publish      url: 'https://github.com/yaneryou' },
28 silly publish   engines: { node: '>=0.10.0', npm: '>=1.2.10' },
28 silly publish   scripts: { test: 'mocha' },
28 silly publish   files:
28 silly publish    [ 'app',
28 silly publish      'common',
28 silly publish      'constant',
28 silly publish      'controller',
28 silly publish      'decorator',
28 silly publish      'directive',
28 silly publish      'factory',
28 silly publish      'filter',
28 silly publish      'main',
28 silly publish      'provider',
28 silly publish      'route',
28 silly publish      'service',
28 silly publish      'templates',
28 silly publish      'value',
28 silly publish      'view',
28 silly publish      'script-base.js',
28 silly publish      'util.js' ],
28 silly publish   keywords:
28 silly publish    [ 'yeoman-generator',
28 silly publish      'angular-generator',
28 silly publish      'grunt-angular-templates' ],
28 silly publish   dependencies:
28 silly publish    { wiredep: '^1.0.0',
28 silly publish      'yeoman-generator': '^0.16.0',
28 silly publish      yosay: '^0.2.0',
28 silly publish      chalk: '^0.4.0' },
28 silly publish   devDependencies:
28 silly publish    { grunt: '~0.4.1',
28 silly publish      'grunt-contrib-jshint': '~0.8.0',
28 silly publish      'grunt-conventional-changelog': '~1.1.0',
28 silly publish      'grunt-release': '~0.6.0',
28 silly publish      'load-grunt-tasks': '~0.3.0',
28 silly publish      mocha: '*',
28 silly publish      semver: '~2.3.0',
28 silly publish      'underscore.string': '~2.3.1' },
28 silly publish   peerDependencies: { 'generator-karma': '>=0.8.2', yo: '>=1.0.0' },
28 silly publish   readme: '# generator-tae-simple [![Build Status](https://secure.travis-ci.org/yaneryou/generator-tae-simple.png?branch=master)](https://travis-ci.org/yaneryou/generator-tae-simple)\n\n> [Yeoman](http://yeoman.io) generator\n\n\n## Getting Started\n\n### What is Yeoman?\n\nTrick question. It\'s not a thing. It\'s this guy:\n\n![](http://i.imgur.com/JHaAlBJ.png)\n\nBasically, he wears a top hat, lives in your computer, and waits for you to tell him what kind of application you wish to create.\n\nNot every new computer comes with a Yeoman pre-installed. He lives in the [npm](https://npmjs.org) package repository. You only have to ask for him once, then he packs up and moves into your hard drive. *Make sure you clean up, he likes new and shiny things.*\n\n```bash\nnpm install -g yo\n```\n\n### Yeoman Generators\n\nYeoman travels light. He didn\'t pack any generators when he moved in. You can think of a generator like a plug-in. You get to choose what type of application you wish to create, such as a Backbone application or even a Chrome extension.\n\nTo install generator-tae-simple from npm, run:\n\n```bash\nnpm install -g generator-tae-simple\n```\n\nFinally, initiate the generator:\n\n```bash\nyo tae-simple\n```\n\n### Getting To Know Yeoman\n\nYeoman has a heart of gold. He\'s a person with feelings and opinions, but he\'s very easy to work with. If you think he\'s too opinionated, he can be easily convinced.\n\nIf you\'d like to get to know Yeoman better and meet some of his friends, [Grunt](http://gruntjs.com) and [Bower](http://bower.io), check out the complete [Getting Started Guide](https://github.com/yeoman/yeoman/wiki/Getting-Started).\n\n\n## License\n\nMIT\n',
28 silly publish   readmeFilename: 'README.md',
28 silly publish   gitHead: '3c7d617ff8c0cd24312d67fb948bef1951816ce9',
28 silly publish   bugs: { url: 'https://github.com/yaneryou/generator-tae-simple/issues' },
28 silly publish   homepage: 'https://github.com/yaneryou/generator-tae-simple',
28 silly publish   _id: 'generator-tae-simple@0.0.0',
28 silly publish   _shasum: '0cfde3faefb3f62e1f9cbc5e58259617860ac7c1',
28 silly publish   _from: '.' }
29 error need auth auth and email required for publishing
29 error need auth You need to authorize this machine using `npm adduser`
30 error System Windows_NT 6.1.7601
31 error command "c:\\Program Files\\nodejs\\node.exe" "c:\\Program Files\\nodejs\\node_modules\\npm\\bin\\npm-cli.js" "publish"
32 error cwd d:\github\generator-test\generator-tae-simple
33 error node -v v0.10.32
34 error npm -v 1.4.28
35 error code ENEEDAUTH
36 verbose exit [ 1, true ]
